<?xml version="1.0" encoding="UTF-8"?>
<testng-results ignored="0" total="1" passed="1" failed="0" skipped="0">
  <reporter-output>
  </reporter-output>
  <suite started-at="2022-09-05T21:01:19 BST" name="HudlFramework" finished-at="2022-09-05T21:01:44 BST" duration-ms="24067">
    <groups>
      <group name="cucumber">
        <method signature="AbstractTestNGCucumberTests.runScenario(io.cucumber.testng.PickleWrapper, io.cucumber.testng.FeatureWrapper)[pri:0, instance:com.base.TestRunner@3549bca9]" name="runScenario" class="io.cucumber.testng.AbstractTestNGCucumberTests"/>
      </group> <!-- cucumber -->
    </groups>
    <test started-at="2022-09-05T21:01:19 BST" name="HudlFramework" finished-at="2022-09-05T21:01:44 BST" duration-ms="24067">
      <class name="com.base.TestRunner">
        <test-method is-config="true" signature="setUpClass(org.testng.ITestContext)[pri:0, instance:com.base.TestRunner@3549bca9]" started-at="2022-09-05T21:01:20 BST" name="setUpClass" finished-at="2022-09-05T21:01:21 BST" duration-ms="1082" status="PASS">
          <params>
            <param index="0">
              <value>
                <![CDATA[org.testng.TestRunner@3ed242a4]]>
              </value>
            </param>
          </params>
          <reporter-output>
          </reporter-output>
        </test-method> <!-- setUpClass -->
        <test-method signature="runScenario(io.cucumber.testng.PickleWrapper, io.cucumber.testng.FeatureWrapper)[pri:0, instance:com.base.TestRunner@3549bca9]" started-at="2022-09-05T21:01:21 BST" name="runScenario" description="Runs Cucumber Scenarios" data-provider="scenarios" finished-at="2022-09-05T21:01:43 BST" duration-ms="22809" status="PASS">
          <params>
            <param index="0">
              <value>
                <![CDATA["Verify Need Help Page functionality"]]>
              </value>
            </param>
            <param index="1">
              <value>
                <![CDATA["Optional[Need Help page functionality]"]]>
              </value>
            </param>
          </params>
          <reporter-output>
          </reporter-output>
        </test-method> <!-- runScenario -->
        <test-method is-config="true" signature="tearDownClass()[pri:0, instance:com.base.TestRunner@3549bca9]" started-at="2022-09-05T21:01:43 BST" name="tearDownClass" finished-at="2022-09-05T21:01:44 BST" duration-ms="89" status="PASS">
          <reporter-output>
          </reporter-output>
        </test-method> <!-- tearDownClass -->
      </class> <!-- com.base.TestRunner -->
    </test> <!-- HudlFramework -->
  </suite> <!-- HudlFramework -->
</testng-results>
